# JRE version: Java(TM) SE Runtime Environment (8.0_131-b11) (build 1.8.0_131-b11)
# Java VM: Java HotSpot(TM) 64-Bit Server VM (25.131-b11 mixed mode linux-amd64 compressed oops)
Heap:
 PSYoungGen      total 137728K, used 119883K [0x00000000d6f80000, 0x00000000e0180000, 0x0000000100000000)
  eden space 126976K, 89% used [0x00000000d6f80000,0x00000000ddee6c70,0x00000000deb80000)
  from space 10752K, 54% used [0x00000000df700000,0x00000000dfcac120,0x00000000e0180000)
  to   space 11264K, 0% used [0x00000000deb80000,0x00000000deb80000,0x00000000df680000)
 ParOldGen       total 84992K, used 10107K [0x0000000084e00000, 0x000000008a100000, 0x00000000d6f80000)
  object space 84992K, 11% used [0x0000000084e00000,0x00000000857ded58,0x000000008a100000)
 Metaspace       used 18889K, capacity 19108K, committed 19328K, reserved 1067008K
  class space    used 2240K, capacity 2332K, committed 2432K, reserved 1048576K
GC Heap History (10 events):
Event: 8,696 GC heap before
{Heap before GC invocations=2 (full 0):
 PSYoungGen      total 36864K, used 36854K [0x00000000d6f80000, 0x00000000d9880000, 0x0000000100000000)
  eden space 31744K, 100% used [0x00000000d6f80000,0x00000000d8e80000,0x00000000d8e80000)
  from space 5120K, 99% used [0x00000000d8e80000,0x00000000d937dad8,0x00000000d9380000)
  to   space 5120K, 0% used [0x00000000d9380000,0x00000000d9380000,0x00000000d9880000)
 ParOldGen       total 84992K, used 1705K [0x0000000084e00000, 0x000000008a100000, 0x00000000d6f80000)
  object space 84992K, 2% used [0x0000000084e00000,0x0000000084faa520,0x000000008a100000)
 Metaspace       used 17738K, capacity 17964K, committed 18176K, reserved 1064960K
  class space    used 2133K, capacity 2232K, committed 2304K, reserved 1048576K
Event: 8,741 GC heap after
Heap after GC invocations=2 (full 0):
 PSYoungGen      total 36864K, used 5117K [0x00000000d6f80000, 0x00000000d9880000, 0x0000000100000000)
  eden space 31744K, 0% used [0x00000000d6f80000,0x00000000d6f80000,0x00000000d8e80000)
  from space 5120K, 99% used [0x00000000d9380000,0x00000000d987f600,0x00000000d9880000)
  to   space 5120K, 0% used [0x00000000d8e80000,0x00000000d8e80000,0x00000000d9380000)
 ParOldGen       total 84992K, used 7976K [0x0000000084e00000, 0x000000008a100000, 0x00000000d6f80000)
  object space 84992K, 9% used [0x0000000084e00000,0x00000000855ca220,0x000000008a100000)
 Metaspace       used 17738K, capacity 17964K, committed 18176K, reserved 1064960K
  class space    used 2133K, capacity 2232K, committed 2304K, reserved 1048576K
}
Event: 9,424 GC heap before
{Heap before GC invocations=3 (full 0):
 PSYoungGen      total 36864K, used 36861K [0x00000000d6f80000, 0x00000000d9880000, 0x0000000100000000)
  eden space 31744K, 100% used [0x00000000d6f80000,0x00000000d8e80000,0x00000000d8e80000)
  from space 5120K, 99% used [0x00000000d9380000,0x00000000d987f600,0x00000000d9880000)
  to   space 5120K, 0% used [0x00000000d8e80000,0x00000000d8e80000,0x00000000d9380000)
 ParOldGen       total 84992K, used 7976K [0x0000000084e00000, 0x000000008a100000, 0x00000000d6f80000)
  object space 84992K, 9% used [0x0000000084e00000,0x00000000855ca220,0x000000008a100000)
 Metaspace       used 18423K, capacity 18668K, committed 18944K, reserved 1067008K
  class space    used 2200K, capacity 2296K, committed 2304K, reserved 1048576K
Event: 9,442 GC heap after
Heap after GC invocations=3 (full 0):
 PSYoungGen      total 36864K, used 5088K [0x00000000d6f80000, 0x00000000db780000, 0x0000000100000000)
  eden space 31744K, 0% used [0x00000000d6f80000,0x00000000d6f80000,0x00000000d8e80000)
  from space 5120K, 99% used [0x00000000d8e80000,0x00000000d93780b0,0x00000000d9380000)
  to   space 5120K, 0% used [0x00000000db280000,0x00000000db280000,0x00000000db780000)
 ParOldGen       total 84992K, used 8724K [0x0000000084e00000, 0x000000008a100000, 0x00000000d6f80000)
  object space 84992K, 10% used [0x0000000084e00000,0x00000000856850d0,0x000000008a100000)
 Metaspace       used 18423K, capacity 18668K, committed 18944K, reserved 1067008K
  class space    used 2200K, capacity 2296K, committed 2304K, reserved 1048576K
}
Event: 9,671 GC heap before
{Heap before GC invocations=4 (full 0):
 PSYoungGen      total 36864K, used 36832K [0x00000000d6f80000, 0x00000000db780000, 0x0000000100000000)
  eden space 31744K, 100% used [0x00000000d6f80000,0x00000000d8e80000,0x00000000d8e80000)
  from space 5120K, 99% used [0x00000000d8e80000,0x00000000d93780b0,0x00000000d9380000)
  to   space 5120K, 0% used [0x00000000db280000,0x00000000db280000,0x00000000db780000)
 ParOldGen       total 84992K, used 8724K [0x0000000084e00000, 0x000000008a100000, 0x00000000d6f80000)
  object space 84992K, 10% used [0x0000000084e00000,0x00000000856850d0,0x000000008a100000)
 Metaspace       used 18442K, capacity 18668K, committed 18944K, reserved 1067008K
  class space    used 2200K, capacity 2296K, committed 2304K, reserved 1048576K
Event: 9,692 GC heap after
Heap after GC invocations=4 (full 0):
 PSYoungGen      total 68608K, used 5104K [0x00000000d6f80000, 0x00000000db780000, 0x0000000100000000)
  eden space 63488K, 0% used [0x00000000d6f80000,0x00000000d6f80000,0x00000000dad80000)
  from space 5120K, 99% used [0x00000000db280000,0x00000000db77c0a0,0x00000000db780000)
  to   space 5120K, 0% used [0x00000000dad80000,0x00000000dad80000,0x00000000db280000)
 ParOldGen       total 84992K, used 8788K [0x0000000084e00000, 0x000000008a100000, 0x00000000d6f80000)
  object space 84992K, 10% used [0x0000000084e00000,0x00000000856950d0,0x000000008a100000)
 Metaspace       used 18442K, capacity 18668K, committed 18944K, reserved 1067008K
  class space    used 2200K, capacity 2296K, committed 2304K, reserved 1048576K
}
Event: 10,358 GC heap before
{Heap before GC invocations=5 (full 0):
 PSYoungGen      total 68608K, used 68592K [0x00000000d6f80000, 0x00000000db780000, 0x0000000100000000)
  eden space 63488K, 100% used [0x00000000d6f80000,0x00000000dad80000,0x00000000dad80000)
  from space 5120K, 99% used [0x00000000db280000,0x00000000db77c0a0,0x00000000db780000)
  to   space 5120K, 0% used [0x00000000dad80000,0x00000000dad80000,0x00000000db280000)
 ParOldGen       total 84992K, used 8788K [0x0000000084e00000, 0x000000008a100000, 0x00000000d6f80000)
  object space 84992K, 10% used [0x0000000084e00000,0x00000000856950d0,0x000000008a100000)
 Metaspace       used 18500K, capacity 18732K, committed 18944K, reserved 1067008K
  class space    used 2206K, capacity 2296K, committed 2304K, reserved 1048576K
Event: 10,376 GC heap after
Heap after GC invocations=5 (full 0):
 PSYoungGen      total 68608K, used 5088K [0x00000000d6f80000, 0x00000000e0280000, 0x0000000100000000)
  eden space 63488K, 0% used [0x00000000d6f80000,0x00000000d6f80000,0x00000000dad80000)
  from space 5120K, 99% used [0x00000000dad80000,0x00000000db278108,0x00000000db280000)
  to   space 11776K, 0% used [0x00000000df700000,0x00000000df700000,0x00000000e0280000)
 ParOldGen       total 84992K, used 10107K [0x0000000084e00000, 0x000000008a100000, 0x00000000d6f80000)
  object space 84992K, 11% used [0x0000000084e00000,0x00000000857ded58,0x000000008a100000)
 Metaspace       used 18500K, capacity 18732K, committed 18944K, reserved 1067008K
  class space    used 2206K, capacity 2296K, committed 2304K, reserved 1048576K
}
Event: 10,696 GC heap before
{Heap before GC invocations=6 (full 0):
 PSYoungGen      total 68608K, used 68576K [0x00000000d6f80000, 0x00000000e0280000, 0x0000000100000000)
  eden space 63488K, 100% used [0x00000000d6f80000,0x00000000dad80000,0x00000000dad80000)
  from space 5120K, 99% used [0x00000000dad80000,0x00000000db278108,0x00000000db280000)
  to   space 11776K, 0% used [0x00000000df700000,0x00000000df700000,0x00000000e0280000)
 ParOldGen       total 84992K, used 10107K [0x0000000084e00000, 0x000000008a100000, 0x00000000d6f80000)
  object space 84992K, 11% used [0x0000000084e00000,0x00000000857ded58,0x000000008a100000)
 Metaspace       used 18507K, capacity 18732K, committed 18944K, reserved 1067008K
  class space    used 2206K, capacity 2296K, committed 2304K, reserved 1048576K
Event: 10,713 GC heap after
Heap after GC invocations=6 (full 0):
 PSYoungGen      total 137728K, used 5808K [0x00000000d6f80000, 0x00000000e0180000, 0x0000000100000000)
  eden space 126976K, 0% used [0x00000000d6f80000,0x00000000d6f80000,0x00000000deb80000)
  from space 10752K, 54% used [0x00000000df700000,0x00000000dfcac120,0x00000000e0180000)
  to   space 11264K, 0% used [0x00000000deb80000,0x00000000deb80000,0x00000000df680000)
 ParOldGen       total 84992K, used 10107K [0x0000000084e00000, 0x000000008a100000, 0x00000000d6f80000)
  object space 84992K, 11% used [0x0000000084e00000,0x00000000857ded58,0x000000008a100000)
 Metaspace       used 18507K, capacity 18732K, committed 18944K, reserved 1067008K
  class space    used 2206K, capacity 2296K, committed 2304K, reserved 1048576K
}

