# JRE version: Java(TM) SE Runtime Environment (8.0_131-b11) (build 1.8.0_131-b11)
# Java VM: Java HotSpot(TM) 64-Bit Server VM (25.131-b11 mixed mode linux-amd64 compressed oops)
Heap:
 PSYoungGen      total 367104K, used 198709K [0x00000000d6f80000, 0x00000000f4f00000, 0x0000000100000000)
  eden space 365056K, 54% used [0x00000000d6f80000,0x00000000e3005708,0x00000000ed400000)
  from space 2048K, 76% used [0x00000000f4c80000,0x00000000f4e08020,0x00000000f4e80000)
  to   space 512K, 0% used [0x00000000f4e80000,0x00000000f4e80000,0x00000000f4f00000)
 ParOldGen       total 109568K, used 88712K [0x0000000084e00000, 0x000000008b900000, 0x00000000d6f80000)
  object space 109568K, 80% used [0x0000000084e00000,0x000000008a4a21e0,0x000000008b900000)
 Metaspace       used 16412K, capacity 16612K, committed 16896K, reserved 1064960K
  class space    used 1863K, capacity 1952K, committed 2048K, reserved 1048576K
GC Heap History (10 events):
Event: 7103,052 GC heap before
{Heap before GC invocations=26778 (full 125):
 PSYoungGen      total 460288K, used 459840K [0x00000000d6f80000, 0x00000000f5200000, 0x0000000100000000)
  eden space 458240K, 100% used [0x00000000d6f80000,0x00000000f2f00000,0x00000000f2f00000)
  from space 2048K, 78% used [0x00000000f5000000,0x00000000f5190020,0x00000000f5200000)
  to   space 2048K, 0% used [0x00000000f4e00000,0x00000000f4e00000,0x00000000f5000000)
 ParOldGen       total 109568K, used 86368K [0x0000000084e00000, 0x000000008b900000, 0x00000000d6f80000)
  object space 109568K, 78% used [0x0000000084e00000,0x000000008a258150,0x000000008b900000)
 Metaspace       used 16412K, capacity 16612K, committed 16896K, reserved 1064960K
  class space    used 1863K, capacity 1952K, committed 2048K, reserved 1048576K
Event: 7103,054 GC heap after
Heap after GC invocations=26778 (full 125):
 PSYoungGen      total 439808K, used 1568K [0x00000000d6f80000, 0x00000000f5080000, 0x0000000100000000)
  eden space 437760K, 0% used [0x00000000d6f80000,0x00000000d6f80000,0x00000000f1b00000)
  from space 2048K, 76% used [0x00000000f4e00000,0x00000000f4f88020,0x00000000f5000000)
  to   space 512K, 0% used [0x00000000f5000000,0x00000000f5000000,0x00000000f5080000)
 ParOldGen       total 109568K, used 86448K [0x0000000084e00000, 0x000000008b900000, 0x00000000d6f80000)
  object space 109568K, 78% used [0x0000000084e00000,0x000000008a26c170,0x000000008b900000)
 Metaspace       used 16412K, capacity 16612K, committed 16896K, reserved 1064960K
  class space    used 1863K, capacity 1952K, committed 2048K, reserved 1048576K
}
Event: 7103,435 GC heap before
{Heap before GC invocations=26779 (full 125):
 PSYoungGen      total 439808K, used 439328K [0x00000000d6f80000, 0x00000000f5080000, 0x0000000100000000)
  eden space 437760K, 100% used [0x00000000d6f80000,0x00000000f1b00000,0x00000000f1b00000)
  from space 2048K, 76% used [0x00000000f4e00000,0x00000000f4f88020,0x00000000f5000000)
  to   space 512K, 0% used [0x00000000f5000000,0x00000000f5000000,0x00000000f5080000)
 ParOldGen       total 109568K, used 86448K [0x0000000084e00000, 0x000000008b900000, 0x00000000d6f80000)
  object space 109568K, 78% used [0x0000000084e00000,0x000000008a26c170,0x000000008b900000)
 Metaspace       used 16412K, capacity 16612K, committed 16896K, reserved 1064960K
  class space    used 1863K, capacity 1952K, committed 2048K, reserved 1048576K
Event: 7103,438 GC heap after
Heap after GC invocations=26779 (full 125):
 PSYoungGen      total 418816K, used 512K [0x00000000d6f80000, 0x00000000f5080000, 0x0000000100000000)
  eden space 418304K, 0% used [0x00000000d6f80000,0x00000000d6f80000,0x00000000f0800000)
  from space 512K, 100% used [0x00000000f5000000,0x00000000f5080000,0x00000000f5080000)
  to   space 2560K, 0% used [0x00000000f4b80000,0x00000000f4b80000,0x00000000f4e00000)
 ParOldGen       total 109568K, used 87896K [0x0000000084e00000, 0x000000008b900000, 0x00000000d6f80000)
  object space 109568K, 80% used [0x0000000084e00000,0x000000008a3d61b0,0x000000008b900000)
 Metaspace       used 16412K, capacity 16612K, committed 16896K, reserved 1064960K
  class space    used 1863K, capacity 1952K, committed 2048K, reserved 1048576K
}
Event: 7103,810 GC heap before
{Heap before GC invocations=26780 (full 125):
 PSYoungGen      total 418816K, used 418816K [0x00000000d6f80000, 0x00000000f5080000, 0x0000000100000000)
  eden space 418304K, 100% used [0x00000000d6f80000,0x00000000f0800000,0x00000000f0800000)
  from space 512K, 100% used [0x00000000f5000000,0x00000000f5080000,0x00000000f5080000)
  to   space 2560K, 0% used [0x00000000f4b80000,0x00000000f4b80000,0x00000000f4e00000)
 ParOldGen       total 109568K, used 87896K [0x0000000084e00000, 0x000000008b900000, 0x00000000d6f80000)
  object space 109568K, 80% used [0x0000000084e00000,0x000000008a3d61b0,0x000000008b900000)
 Metaspace       used 16412K, capacity 16612K, committed 16896K, reserved 1064960K
  class space    used 1863K, capacity 1952K, committed 2048K, reserved 1048576K
Event: 7103,813 GC heap after
Heap after GC invocations=26780 (full 125):
 PSYoungGen      total 402432K, used 1568K [0x00000000d6f80000, 0x00000000f5080000, 0x0000000100000000)
  eden space 399872K, 0% used [0x00000000d6f80000,0x00000000d6f80000,0x00000000ef600000)
  from space 2560K, 61% used [0x00000000f4b80000,0x00000000f4d08020,0x00000000f4e00000)
  to   space 2048K, 0% used [0x00000000f4e80000,0x00000000f4e80000,0x00000000f5080000)
 ParOldGen       total 109568K, used 88600K [0x0000000084e00000, 0x000000008b900000, 0x00000000d6f80000)
  object space 109568K, 80% used [0x0000000084e00000,0x000000008a4861b0,0x000000008b900000)
 Metaspace       used 16412K, capacity 16612K, committed 16896K, reserved 1064960K
  class space    used 1863K, capacity 1952K, committed 2048K, reserved 1048576K
}
Event: 7104,158 GC heap before
{Heap before GC invocations=26781 (full 125):
 PSYoungGen      total 402432K, used 401440K [0x00000000d6f80000, 0x00000000f5080000, 0x0000000100000000)
  eden space 399872K, 100% used [0x00000000d6f80000,0x00000000ef600000,0x00000000ef600000)
  from space 2560K, 61% used [0x00000000f4b80000,0x00000000f4d08020,0x00000000f4e00000)
  to   space 2048K, 0% used [0x00000000f4e80000,0x00000000f4e80000,0x00000000f5080000)
 ParOldGen       total 109568K, used 88600K [0x0000000084e00000, 0x000000008b900000, 0x00000000d6f80000)
  object space 109568K, 80% used [0x0000000084e00000,0x000000008a4861b0,0x000000008b900000)
 Metaspace       used 16412K, capacity 16612K, committed 16896K, reserved 1064960K
  class space    used 1863K, capacity 1952K, committed 2048K, reserved 1048576K
Event: 7104,161 GC heap after
Heap after GC invocations=26781 (full 125):
 PSYoungGen      total 384000K, used 1536K [0x00000000d6f80000, 0x00000000f5080000, 0x0000000100000000)
  eden space 381952K, 0% used [0x00000000d6f80000,0x00000000d6f80000,0x00000000ee480000)
  from space 2048K, 75% used [0x00000000f4e80000,0x00000000f5000010,0x00000000f5080000)
  to   space 2048K, 0% used [0x00000000f4c80000,0x00000000f4c80000,0x00000000f4e80000)
 ParOldGen       total 109568K, used 88672K [0x0000000084e00000, 0x000000008b900000, 0x00000000d6f80000)
  object space 109568K, 80% used [0x0000000084e00000,0x000000008a4981d0,0x000000008b900000)
 Metaspace       used 16412K, capacity 16612K, committed 16896K, reserved 1064960K
  class space    used 1863K, capacity 1952K, committed 2048K, reserved 1048576K
}
Event: 7104,498 GC heap before
{Heap before GC invocations=26782 (full 125):
 PSYoungGen      total 384000K, used 383488K [0x00000000d6f80000, 0x00000000f5080000, 0x0000000100000000)
  eden space 381952K, 100% used [0x00000000d6f80000,0x00000000ee480000,0x00000000ee480000)
  from space 2048K, 75% used [0x00000000f4e80000,0x00000000f5000010,0x00000000f5080000)
  to   space 2048K, 0% used [0x00000000f4c80000,0x00000000f4c80000,0x00000000f4e80000)
 ParOldGen       total 109568K, used 88672K [0x0000000084e00000, 0x000000008b900000, 0x00000000d6f80000)
  object space 109568K, 80% used [0x0000000084e00000,0x000000008a4981d0,0x000000008b900000)
 Metaspace       used 16412K, capacity 16612K, committed 16896K, reserved 1064960K
  class space    used 1863K, capacity 1952K, committed 2048K, reserved 1048576K
Event: 7104,500 GC heap after
Heap after GC invocations=26782 (full 125):
 PSYoungGen      total 367104K, used 1568K [0x00000000d6f80000, 0x00000000f4f00000, 0x0000000100000000)
  eden space 365056K, 0% used [0x00000000d6f80000,0x00000000d6f80000,0x00000000ed400000)
  from space 2048K, 76% used [0x00000000f4c80000,0x00000000f4e08020,0x00000000f4e80000)
  to   space 512K, 0% used [0x00000000f4e80000,0x00000000f4e80000,0x00000000f4f00000)
 ParOldGen       total 109568K, used 88712K [0x0000000084e00000, 0x000000008b900000, 0x00000000d6f80000)
  object space 109568K, 80% used [0x0000000084e00000,0x000000008a4a21e0,0x000000008b900000)
 Metaspace       used 16412K, capacity 16612K, committed 16896K, reserved 1064960K
  class space    used 1863K, capacity 1952K, committed 2048K, reserved 1048576K
}

